<?xml version="1.0" encoding="UTF-8"?>
<testng-results ignored="0" total="1" passed="1" failed="0" skipped="0">
  <reporter-output>
  </reporter-output>
  <suite started-at="2025-07-14T17:43:59 IST" name="OrangeHRM_Automation_Suite" finished-at="2025-07-14T17:44:15 IST" duration-ms="15806">
    <groups>
    </groups>
    <test started-at="2025-07-14T17:43:59 IST" name="OHRM_POM_Admin_Functionality_Tests" finished-at="2025-07-14T17:44:15 IST" duration-ms="15806">
      <class name="com.CapstoneProject.OHRMProject.Scenario2_OHRM">
        <test-method is-config="true" signature="setup()[pri:0, instance:com.CapstoneProject.OHRMProject.Scenario2_OHRM@595b007d]" started-at="2025-07-14T17:43:59 IST" name="setup" finished-at="2025-07-14T17:44:04 IST" duration-ms="4707" status="PASS">
          <reporter-output>
          </reporter-output>
        </test-method> <!-- setup -->
        <test-method signature="testLoginAndAdminFunctionality()[pri:0, instance:com.CapstoneProject.OHRMProject.Scenario2_OHRM@595b007d]" started-at="2025-07-14T17:44:04 IST" name="testLoginAndAdminFunctionality" finished-at="2025-07-14T17:44:14 IST" duration-ms="9968" status="PASS">
          <reporter-output>
          </reporter-output>
        </test-method> <!-- testLoginAndAdminFunctionality -->
        <test-method is-config="true" signature="teardown()[pri:0, instance:com.CapstoneProject.OHRMProject.Scenario2_OHRM@595b007d]" started-at="2025-07-14T17:44:14 IST" name="teardown" finished-at="2025-07-14T17:44:15 IST" duration-ms="1056" status="PASS">
          <reporter-output>
          </reporter-output>
        </test-method> <!-- teardown -->
      </class> <!-- com.CapstoneProject.OHRMProject.Scenario2_OHRM -->
    </test> <!-- OHRM_POM_Admin_Functionality_Tests -->
  </suite> <!-- OrangeHRM_Automation_Suite -->
</testng-results>
