<?xml version="1.0" encoding="UTF-8"?>
<!-- Generated by org.testng.reporters.JUnitXMLReporter -->
<testsuite ignored="0" hostname="Vij" failures="0" tests="5" name="OHRM Login Test" time="16.008" errors="0" timestamp="2025-07-14T16:38:12 IST">
  <testcase classname="com.CapstoneProject.OHRMProject.Scenario1_OHRM" name="@AfterMethod afterMethod" time="0.179">
    <failure type="java.lang.AssertionError" message="Login failed: Did not reach dashboard for user kanav">
      <![CDATA[java.lang.AssertionError: Login failed: Did not reach dashboard for user kanav
at com.CapstoneProject.OHRMProject.Scenario1_OHRM.afterMethod(Scenario1_OHRM.java:248)
at java.base/java.util.ArrayList.forEach(ArrayList.java:1596)
... Removed 31 stack frames]]>
    </failure>
  </testcase> <!-- @AfterMethod afterMethod -->
  <testcase classname="com.CapstoneProject.OHRMProject.Scenario1_OHRM" name="@AfterMethod afterMethod" time="0.0">
    <skipped/>
  </testcase> <!-- @AfterMethod afterMethod -->
  <testcase classname="com.CapstoneProject.OHRMProject.Scenario1_OHRM" name="@AfterMethod afterMethod" time="0.0">
    <skipped/>
  </testcase> <!-- @AfterMethod afterMethod -->
  <testcase classname="com.CapstoneProject.OHRMProject.Scenario1_OHRM" name="@AfterMethod afterMethod" time="0.0">
    <skipped/>
  </testcase> <!-- @AfterMethod afterMethod -->
  <testcase classname="com.CapstoneProject.OHRMProject.Scenario1_OHRM" name="@AfterTest afterTest" time="0.0">
    <skipped/>
  </testcase> <!-- @AfterTest afterTest -->
  <testcase classname="com.CapstoneProject.OHRMProject.Scenario1_OHRM" name="Ohrmlogin" time="2.699"/>
  <testcase classname="com.CapstoneProject.OHRMProject.Scenario1_OHRM" name="Ohrmlogin" time="2.211"/>
  <testcase classname="com.CapstoneProject.OHRMProject.Scenario1_OHRM" name="Ohrmlogin" time="0.0">
    <skipped/>
  </testcase> <!-- Ohrmlogin -->
  <testcase classname="com.CapstoneProject.OHRMProject.Scenario1_OHRM" name="Ohrmlogin" time="0.0">
    <skipped/>
  </testcase> <!-- Ohrmlogin -->
  <testcase classname="com.CapstoneProject.OHRMProject.Scenario1_OHRM" name="Ohrmlogin" time="0.0">
    <skipped/>
  </testcase> <!-- Ohrmlogin -->
</testsuite> <!-- OHRM Login Test -->
