<?xml version="1.0" encoding="UTF-8"?>
<testng-results ignored="0" total="1" passed="1" failed="0" skipped="0">
  <reporter-output>
  </reporter-output>
  <suite started-at="2025-07-19T03:51:36 IST" name="Default suite" finished-at="2025-07-19T03:52:03 IST" duration-ms="26925">
    <groups>
    </groups>
    <test started-at="2025-07-19T03:51:36 IST" name="Default test" finished-at="2025-07-19T03:52:03 IST" duration-ms="26925">
      <class name="com.Capstone_Orange_HRM.Scenario2">
        <test-method is-config="true" signature="beforeTest()[pri:0, instance:com.Capstone_Orange_HRM.Scenario2@6a2b953e]" started-at="2025-07-19T03:51:36 IST" name="beforeTest" finished-at="2025-07-19T03:51:43 IST" duration-ms="6597" status="PASS">
          <reporter-output>
          </reporter-output>
        </test-method> <!-- beforeTest -->
        <test-method signature="testLogin_and_AdminPage()[pri:0, instance:com.Capstone_Orange_HRM.Scenario2@6a2b953e]" started-at="2025-07-19T03:51:43 IST" name="testLogin_and_AdminPage" finished-at="2025-07-19T03:52:03 IST" duration-ms="20034" status="PASS">
          <reporter-output>
          </reporter-output>
        </test-method> <!-- testLogin_and_AdminPage -->
        <test-method is-config="true" signature="afterTest()[pri:0, instance:com.Capstone_Orange_HRM.Scenario2@6a2b953e]" started-at="2025-07-19T03:52:03 IST" name="afterTest" finished-at="2025-07-19T03:52:03 IST" duration-ms="252" status="PASS">
          <reporter-output>
          </reporter-output>
        </test-method> <!-- afterTest -->
      </class> <!-- com.Capstone_Orange_HRM.Scenario2 -->
    </test> <!-- Default test -->
  </suite> <!-- Default suite -->
</testng-results>
