<?xml version="1.0" encoding="UTF-8"?>
<testng-results ignored="0" total="1" passed="1" failed="0" skipped="0">
  <reporter-output>
  </reporter-output>
  <suite started-at="2025-07-14T17:49:22 IST" name="Default suite" finished-at="2025-07-14T17:49:38 IST" duration-ms="15914">
    <groups>
    </groups>
    <test started-at="2025-07-14T17:49:22 IST" name="Default test" finished-at="2025-07-14T17:49:38 IST" duration-ms="15914">
      <class name="com.CapstoneProject.OHRMProject.Scenario2_OHRM">
        <test-method is-config="true" signature="setup()[pri:0, instance:com.CapstoneProject.OHRMProject.Scenario2_OHRM@58ea606c]" started-at="2025-07-14T17:49:23 IST" name="setup" finished-at="2025-07-14T17:49:28 IST" duration-ms="5865" status="PASS">
          <reporter-output>
          </reporter-output>
        </test-method> <!-- setup -->
        <test-method signature="testLoginAndAdminFunctionality()[pri:0, instance:com.CapstoneProject.OHRMProject.Scenario2_OHRM@58ea606c]" started-at="2025-07-14T17:49:28 IST" name="testLoginAndAdminFunctionality" finished-at="2025-07-14T17:49:38 IST" duration-ms="9452" status="PASS">
          <reporter-output>
          </reporter-output>
        </test-method> <!-- testLoginAndAdminFunctionality -->
        <test-method is-config="true" signature="teardown()[pri:0, instance:com.CapstoneProject.OHRMProject.Scenario2_OHRM@58ea606c]" started-at="2025-07-14T17:49:38 IST" name="teardown" finished-at="2025-07-14T17:49:38 IST" duration-ms="563" status="PASS">
          <reporter-output>
          </reporter-output>
        </test-method> <!-- teardown -->
      </class> <!-- com.CapstoneProject.OHRMProject.Scenario2_OHRM -->
    </test> <!-- Default test -->
  </suite> <!-- Default suite -->
</testng-results>
